chinese-dictionary-master/ocr_ui/build/intermediates/manifest_merge_blame_file/debug/manifest-merger-blame-debug-report.txt
1<?xml version="1.0" encoding="utf-8"?>
2<!--   ~ Copyright (C) 2017 Baidu, Inc. All Rights Reserved. -->
3<manifest xmlns:android="http://schemas.android.com/apk/res/android"
4    package="com.baidu.ocr.ui" >
5
6    <uses-sdk
7        android:minSdkVersion="21"
7-->src\main\AndroidManifest.xml
8        android:targetSdkVersion="29" />
8-->src\main\AndroidManifest.xml
9
10    <uses-permission android:name="android.permission.CAMERA" />
10-->src\main\AndroidManifest.xml:7:5-64
10-->src\main\AndroidManifest.xml:7:22-62
11    <uses-permission android:name="android.permission.READ_EXTERNAL_STORAGE" />
11-->src\main\AndroidManifest.xml:8:5-79
11-->src\main\AndroidManifest.xml:8:22-77
12    <uses-permission android:name="android.permission.WRITE_EXTERNAL_STORAGE" />
12-->src\main\AndroidManifest.xml:9:5-80
12-->src\main\AndroidManifest.xml:9:22-78
13
14    <uses-feature android:name="android.hardware.camera2.full" />
14-->src\main\AndroidManifest.xml:10:5-65
14-->src\main\AndroidManifest.xml:10:19-63
15    <uses-feature android:name="android.hardware.camera" />
15-->src\main\AndroidManifest.xml:11:5-59
15-->src\main\AndroidManifest.xml:11:19-57
16    <uses-feature android:name="android.hardware.camera.autofocus" />
16-->src\main\AndroidManifest.xml:12:5-70
16-->src\main\AndroidManifest.xml:12:19-67
17
18    <application
18-->src\main\AndroidManifest.xml:14:5-25:19
19        android:allowBackup="true"
19-->src\main\AndroidManifest.xml:14:18-44
20        android:icon="@mipmap/ic_launcher"
20-->src\main\AndroidManifest.xml:16:18-52
21        android:label="@string/app_name"
21-->src\main\AndroidManifest.xml:15:18-50
22        android:supportsRtl="true"
22-->src\main\AndroidManifest.xml:17:18-44
23        android:theme="@style/AppTheme"
23-->src\main\AndroidManifest.xml:19:18-49
24        android:vmSafeMode="true" >
24-->src\main\AndroidManifest.xml:18:18-43
25        <activity
25-->src\main\AndroidManifest.xml:21:9-23:85
26            android:name="com.baidu.ocr.ui.camera.CameraActivity"
26-->src\main\AndroidManifest.xml:21:19-72
27            android:configChanges="screenSize|orientation"
27-->src\main\AndroidManifest.xml:22:19-65
28            android:theme="@android:style/Theme.Holo.NoActionBar.Fullscreen" />
28-->src\main\AndroidManifest.xml:23:19-83
29    </application>
30
31</manifest>